<?xml version="1.0" encoding="UTF-8"?>
<testng-results skipped="0" failed="1" total="6" passed="5">
  <reporter-output>
  </reporter-output>
  <suite name="Regression" duration-ms="156801" started-at="2019-07-06T18:04:29Z" finished-at="2019-07-06T18:07:06Z">
    <groups>
    </groups>
    <test name="Test_AutoTrader" duration-ms="156801" started-at="2019-07-06T18:04:29Z" finished-at="2019-07-06T18:07:06Z">
      <class name="test.TC005">
        <test-method status="PASS" signature="beforeTestStart()[pri:0, instance:test.TC005@483bf400]" name="beforeTestStart" is-config="true" duration-ms="13473" started-at="2019-07-06T14:06:49Z" finished-at="2019-07-06T14:07:02Z">
          <reporter-output>
          </reporter-output>
        </test-method> <!-- beforeTestStart -->
        <test-method status="PASS" signature="LinkCount()[pri:0, instance:test.TC005@483bf400]" name="LinkCount" duration-ms="3783" started-at="2019-07-06T14:07:02Z" finished-at="2019-07-06T14:07:06Z">
          <reporter-output>
          </reporter-output>
        </test-method> <!-- LinkCount -->
        <test-method status="PASS" signature="closewindow()[pri:0, instance:test.TC005@483bf400]" name="closewindow" is-config="true" duration-ms="129" started-at="2019-07-06T14:07:06Z" finished-at="2019-07-06T14:07:06Z">
          <reporter-output>
          </reporter-output>
        </test-method> <!-- closewindow -->
      </class> <!-- test.TC005 -->
      <class name="test.TC006">
        <test-method status="PASS" signature="beforeTestStart()[pri:0, instance:test.TC006@3ecf72fd]" name="beforeTestStart" is-config="true" duration-ms="13544" started-at="2019-07-06T14:06:35Z" finished-at="2019-07-06T14:06:49Z">
          <reporter-output>
          </reporter-output>
        </test-method> <!-- beforeTestStart -->
        <test-method status="PASS" signature="VerifyTitle()[pri:0, instance:test.TC006@3ecf72fd]" name="VerifyTitle" duration-ms="17" started-at="2019-07-06T14:06:49Z" finished-at="2019-07-06T14:06:49Z">
          <reporter-output>
          </reporter-output>
        </test-method> <!-- VerifyTitle -->
        <test-method status="PASS" signature="closewindow()[pri:0, instance:test.TC006@3ecf72fd]" name="closewindow" is-config="true" duration-ms="146" started-at="2019-07-06T14:06:49Z" finished-at="2019-07-06T14:06:49Z">
          <reporter-output>
          </reporter-output>
        </test-method> <!-- closewindow -->
      </class> <!-- test.TC006 -->
      <class name="test.TC003">
        <test-method status="PASS" signature="beforeTestStart()[pri:0, instance:test.TC003@f5f2bb7]" name="beforeTestStart" is-config="true" duration-ms="11405" started-at="2019-07-06T14:04:44Z" finished-at="2019-07-06T14:04:55Z">
          <reporter-output>
          </reporter-output>
        </test-method> <!-- beforeTestStart -->
        <test-method status="FAIL" signature="CarSearch()[pri:0, instance:test.TC003@f5f2bb7]" name="CarSearch" duration-ms="67492" started-at="2019-07-06T14:04:55Z" finished-at="2019-07-06T14:06:03Z">
          <exception class="org.openqa.selenium.NoSuchElementException">
            <message>
              <![CDATA[Cannot locate element with text: - ES 350
For documentation on this error, please visit: http://seleniumhq.org/exceptions/no_such_element.html
Build info: version: '3.8.1', revision: '6e95a6684b', time: '2017-12-01T19:05:14.666Z'
System info: host: 'LAPTOP-EBJCUPO7', ip: '192.168.43.183', os.name: 'Windows 10', os.arch: 'amd64', os.version: '10.0', java.version: '1.8.0_191'
Driver info: driver.version: unknown]]>
            </message>
            <full-stacktrace>
              <![CDATA[org.openqa.selenium.NoSuchElementException: Cannot locate element with text: - ES 350
For documentation on this error, please visit: http://seleniumhq.org/exceptions/no_such_element.html
Build info: version: '3.8.1', revision: '6e95a6684b', time: '2017-12-01T19:05:14.666Z'
System info: host: 'LAPTOP-EBJCUPO7', ip: '192.168.43.183', os.name: 'Windows 10', os.arch: 'amd64', os.version: '10.0', java.version: '1.8.0_191'
Driver info: driver.version: unknown
	at org.openqa.selenium.support.ui.Select.selectByVisibleText(Select.java:151)
	at test.TC003.CarSearch(TC003.java:27)
	at sun.reflect.NativeMethodAccessorImpl.invoke0(Native Method)
	at sun.reflect.NativeMethodAccessorImpl.invoke(Unknown Source)
	at sun.reflect.DelegatingMethodAccessorImpl.invoke(Unknown Source)
	at java.lang.reflect.Method.invoke(Unknown Source)
	at org.testng.internal.MethodInvocationHelper.invokeMethod(MethodInvocationHelper.java:85)
	at org.testng.internal.Invoker.invokeMethod(Invoker.java:639)
	at org.testng.internal.Invoker.invokeTestMethod(Invoker.java:816)
	at org.testng.internal.Invoker.invokeTestMethods(Invoker.java:1124)
	at org.testng.internal.TestMethodWorker.invokeTestMethods(TestMethodWorker.java:125)
	at org.testng.internal.TestMethodWorker.run(TestMethodWorker.java:108)
	at org.testng.TestRunner.privateRun(TestRunner.java:774)
	at org.testng.TestRunner.run(TestRunner.java:624)
	at org.testng.SuiteRunner.runTest(SuiteRunner.java:359)
	at org.testng.SuiteRunner.runSequentially(SuiteRunner.java:354)
	at org.testng.SuiteRunner.privateRun(SuiteRunner.java:312)
	at org.testng.SuiteRunner.run(SuiteRunner.java:261)
	at org.testng.SuiteRunnerWorker.runSuite(SuiteRunnerWorker.java:52)
	at org.testng.SuiteRunnerWorker.run(SuiteRunnerWorker.java:86)
	at org.testng.TestNG.runSuitesSequentially(TestNG.java:1215)
	at org.testng.TestNG.runSuitesLocally(TestNG.java:1140)
	at org.testng.TestNG.run(TestNG.java:1048)
	at org.testng.TestNG.privateMain(TestNG.java:1355)
	at org.testng.TestNG.main(TestNG.java:1324)
]]>
            </full-stacktrace>
          </exception> <!-- org.openqa.selenium.NoSuchElementException -->
          <reporter-output>
          </reporter-output>
        </test-method> <!-- CarSearch -->
        <test-method status="PASS" signature="closewindow()[pri:0, instance:test.TC003@f5f2bb7]" name="closewindow" is-config="true" duration-ms="126" started-at="2019-07-06T14:06:03Z" finished-at="2019-07-06T14:06:03Z">
          <reporter-output>
          </reporter-output>
        </test-method> <!-- closewindow -->
      </class> <!-- test.TC003 -->
      <class name="test.TC004">
        <test-method status="PASS" signature="beforeTestStart()[pri:0, instance:test.TC004@13b6d03]" name="beforeTestStart" is-config="true" duration-ms="14546" started-at="2019-07-06T14:04:29Z" finished-at="2019-07-06T14:04:44Z">
          <reporter-output>
          </reporter-output>
        </test-method> <!-- beforeTestStart -->
        <test-method status="PASS" signature="ATLogo()[pri:0, instance:test.TC004@13b6d03]" name="ATLogo" duration-ms="41" started-at="2019-07-06T14:04:44Z" finished-at="2019-07-06T14:04:44Z">
          <reporter-output>
          </reporter-output>
        </test-method> <!-- ATLogo -->
        <test-method status="PASS" signature="closewindow()[pri:0, instance:test.TC004@13b6d03]" name="closewindow" is-config="true" duration-ms="134" started-at="2019-07-06T14:04:44Z" finished-at="2019-07-06T14:04:44Z">
          <reporter-output>
          </reporter-output>
        </test-method> <!-- closewindow -->
      </class> <!-- test.TC004 -->
      <class name="test.TC001">
        <test-method status="PASS" signature="beforeTestStart()[pri:0, instance:test.TC001@64c64813]" name="beforeTestStart" is-config="true" duration-ms="9953" started-at="2019-07-06T14:06:25Z" finished-at="2019-07-06T14:06:35Z">
          <reporter-output>
          </reporter-output>
        </test-method> <!-- beforeTestStart -->
        <test-method status="PASS" signature="SellMyCar()[pri:0, instance:test.TC001@64c64813]" name="SellMyCar" duration-ms="187" started-at="2019-07-06T14:06:35Z" finished-at="2019-07-06T14:06:35Z">
          <reporter-output>
          </reporter-output>
        </test-method> <!-- SellMyCar -->
        <test-method status="PASS" signature="closewindow()[pri:0, instance:test.TC001@64c64813]" name="closewindow" is-config="true" duration-ms="138" started-at="2019-07-06T14:06:35Z" finished-at="2019-07-06T14:06:35Z">
          <reporter-output>
          </reporter-output>
        </test-method> <!-- closewindow -->
      </class> <!-- test.TC001 -->
      <class name="test.TC002">
        <test-method status="PASS" signature="beforeTestStart()[pri:0, instance:test.TC002@73035e27]" name="beforeTestStart" is-config="true" duration-ms="11018" started-at="2019-07-06T14:06:03Z" finished-at="2019-07-06T14:06:14Z">
          <reporter-output>
          </reporter-output>
        </test-method> <!-- beforeTestStart -->
        <test-method status="PASS" signature="SignUp()[pri:0, instance:test.TC002@73035e27]" name="SignUp" duration-ms="10521" started-at="2019-07-06T14:06:14Z" finished-at="2019-07-06T14:06:25Z">
          <reporter-output>
          </reporter-output>
        </test-method> <!-- SignUp -->
        <test-method status="PASS" signature="closewindow()[pri:0, instance:test.TC002@73035e27]" name="closewindow" is-config="true" duration-ms="139" started-at="2019-07-06T14:06:25Z" finished-at="2019-07-06T14:06:25Z">
          <reporter-output>
          </reporter-output>
        </test-method> <!-- closewindow -->
      </class> <!-- test.TC002 -->
    </test> <!-- Test_AutoTrader -->
  </suite> <!-- Regression -->
</testng-results>
